14-Jun-2023 14:09:57.947 INFO [main] org.apache.catalina.startup.VersionLoggerListener.log Server version name:   Apache Tomcat/9.0.76
14-Jun-2023 14:09:57.955 INFO [main] org.apache.catalina.startup.VersionLoggerListener.log Server built:          Jun 5 2023 07:17:04 UTC
14-Jun-2023 14:09:57.955 INFO [main] org.apache.catalina.startup.VersionLoggerListener.log Server version number: 9.0.76.0
14-Jun-2023 14:09:57.956 INFO [main] org.apache.catalina.startup.VersionLoggerListener.log OS Name:               Linux
14-Jun-2023 14:09:57.956 INFO [main] org.apache.catalina.startup.VersionLoggerListener.log OS Version:            5.10.179-168.710.amzn2.x86_64
14-Jun-2023 14:09:57.956 INFO [main] org.apache.catalina.startup.VersionLoggerListener.log Architecture:          amd64
14-Jun-2023 14:09:57.957 INFO [main] org.apache.catalina.startup.VersionLoggerListener.log Java Home:             /usr/lib/jvm/java-11-openjdk-11.0.19.0.7-1.amzn2.0.1.x86_64
14-Jun-2023 14:09:57.957 INFO [main] org.apache.catalina.startup.VersionLoggerListener.log JVM Version:           11.0.19+7-LTS
14-Jun-2023 14:09:57.957 INFO [main] org.apache.catalina.startup.VersionLoggerListener.log JVM Vendor:            Red Hat, Inc.
14-Jun-2023 14:09:57.957 INFO [main] org.apache.catalina.startup.VersionLoggerListener.log CATALINA_BASE:         /root/tomcat
14-Jun-2023 14:09:57.958 INFO [main] org.apache.catalina.startup.VersionLoggerListener.log CATALINA_HOME:         /root/tomcat
14-Jun-2023 14:09:57.998 INFO [main] org.apache.catalina.startup.VersionLoggerListener.log Command line argument: --add-opens=java.base/java.lang=ALL-UNNAMED
14-Jun-2023 14:09:57.998 INFO [main] org.apache.catalina.startup.VersionLoggerListener.log Command line argument: --add-opens=java.base/java.io=ALL-UNNAMED
14-Jun-2023 14:09:57.998 INFO [main] org.apache.catalina.startup.VersionLoggerListener.log Command line argument: --add-opens=java.base/java.util=ALL-UNNAMED
14-Jun-2023 14:09:57.998 INFO [main] org.apache.catalina.startup.VersionLoggerListener.log Command line argument: --add-opens=java.base/java.util.concurrent=ALL-UNNAMED
14-Jun-2023 14:09:58.002 INFO [main] org.apache.catalina.startup.VersionLoggerListener.log Command line argument: --add-opens=java.rmi/sun.rmi.transport=ALL-UNNAMED
14-Jun-2023 14:09:58.002 INFO [main] org.apache.catalina.startup.VersionLoggerListener.log Command line argument: -Djava.util.logging.config.file=/root/tomcat/conf/logging.properties
14-Jun-2023 14:09:58.002 INFO [main] org.apache.catalina.startup.VersionLoggerListener.log Command line argument: -Djava.util.logging.manager=org.apache.juli.ClassLoaderLogManager
14-Jun-2023 14:09:58.002 INFO [main] org.apache.catalina.startup.VersionLoggerListener.log Command line argument: -Djdk.tls.ephemeralDHKeySize=2048
14-Jun-2023 14:09:58.002 INFO [main] org.apache.catalina.startup.VersionLoggerListener.log Command line argument: -Djava.protocol.handler.pkgs=org.apache.catalina.webresources
14-Jun-2023 14:09:58.002 INFO [main] org.apache.catalina.startup.VersionLoggerListener.log Command line argument: -Dorg.apache.catalina.security.SecurityListener.UMASK=0027
14-Jun-2023 14:09:58.005 INFO [main] org.apache.catalina.startup.VersionLoggerListener.log Command line argument: -Dignore.endorsed.dirs=
14-Jun-2023 14:09:58.005 INFO [main] org.apache.catalina.startup.VersionLoggerListener.log Command line argument: -Dcatalina.base=/root/tomcat
14-Jun-2023 14:09:58.006 INFO [main] org.apache.catalina.startup.VersionLoggerListener.log Command line argument: -Dcatalina.home=/root/tomcat
14-Jun-2023 14:09:58.006 INFO [main] org.apache.catalina.startup.VersionLoggerListener.log Command line argument: -Djava.io.tmpdir=/root/tomcat/temp
14-Jun-2023 14:09:58.011 INFO [main] org.apache.catalina.core.AprLifecycleListener.lifecycleEvent The Apache Tomcat Native library which allows using OpenSSL was not found on the java.library.path: [/usr/java/packages/lib:/usr/lib64:/lib64:/lib:/usr/lib]
14-Jun-2023 14:09:58.881 INFO [main] org.apache.coyote.AbstractProtocol.init Initializing ProtocolHandler ["http-nio-8080"]
14-Jun-2023 14:09:58.919 SEVERE [main] org.apache.catalina.util.LifecycleBase.handleSubClassException Failed to initialize component [Connector[HTTP/1.1-8080]]
	org.apache.catalina.LifecycleException: Protocol handler initialization failed
		at org.apache.catalina.connector.Connector.initInternal(Connector.java:1011)
		at org.apache.catalina.util.LifecycleBase.init(LifecycleBase.java:136)
		at org.apache.catalina.core.StandardService.initInternal(StandardService.java:549)
		at org.apache.catalina.util.LifecycleBase.init(LifecycleBase.java:136)
		at org.apache.catalina.core.StandardServer.initInternal(StandardServer.java:1041)
		at org.apache.catalina.util.LifecycleBase.init(LifecycleBase.java:136)
		at org.apache.catalina.startup.Catalina.load(Catalina.java:724)
		at org.apache.catalina.startup.Catalina.load(Catalina.java:746)
		at java.base/jdk.internal.reflect.NativeMethodAccessorImpl.invoke0(Native Method)
		at java.base/jdk.internal.reflect.NativeMethodAccessorImpl.invoke(NativeMethodAccessorImpl.java:62)
		at java.base/jdk.internal.reflect.DelegatingMethodAccessorImpl.invoke(DelegatingMethodAccessorImpl.java:43)
		at java.base/java.lang.reflect.Method.invoke(Method.java:566)
		at org.apache.catalina.startup.Bootstrap.load(Bootstrap.java:307)
		at org.apache.catalina.startup.Bootstrap.main(Bootstrap.java:477)
	Caused by: java.net.BindException: Address already in use
		at java.base/sun.nio.ch.Net.bind0(Native Method)
		at java.base/sun.nio.ch.Net.bind(Net.java:459)
		at java.base/sun.nio.ch.Net.bind(Net.java:448)
		at java.base/sun.nio.ch.ServerSocketChannelImpl.bind(ServerSocketChannelImpl.java:227)
		at org.apache.tomcat.util.net.NioEndpoint.initServerSocket(NioEndpoint.java:276)
		at org.apache.tomcat.util.net.NioEndpoint.bind(NioEndpoint.java:231)
		at org.apache.tomcat.util.net.AbstractEndpoint.bindWithCleanup(AbstractEndpoint.java:1317)
		at org.apache.tomcat.util.net.AbstractEndpoint.init(AbstractEndpoint.java:1330)
		at org.apache.coyote.AbstractProtocol.init(AbstractProtocol.java:652)
		at org.apache.coyote.http11.AbstractHttp11Protocol.init(AbstractHttp11Protocol.java:75)
		at org.apache.catalina.connector.Connector.initInternal(Connector.java:1009)
		... 13 more
14-Jun-2023 14:09:58.920 INFO [main] org.apache.catalina.startup.Catalina.load Server initialization in [1490] milliseconds
14-Jun-2023 14:09:59.077 INFO [main] org.apache.catalina.core.StandardService.startInternal Starting service [Catalina]
14-Jun-2023 14:09:59.078 INFO [main] org.apache.catalina.core.StandardEngine.startInternal Starting Servlet engine: [Apache Tomcat/9.0.76]
14-Jun-2023 14:09:59.092 INFO [main] org.apache.catalina.startup.HostConfig.deployDirectory Deploying web application directory [/root/tomcat/webapps/ROOT]
14-Jun-2023 14:09:59.724 INFO [main] org.apache.catalina.startup.HostConfig.deployDirectory Deployment of web application directory [/root/tomcat/webapps/ROOT] has finished in [632] ms
14-Jun-2023 14:09:59.725 INFO [main] org.apache.catalina.startup.HostConfig.deployDirectory Deploying web application directory [/root/tomcat/webapps/docs]
14-Jun-2023 14:09:59.788 INFO [main] org.apache.catalina.startup.HostConfig.deployDirectory Deployment of web application directory [/root/tomcat/webapps/docs] has finished in [63] ms
14-Jun-2023 14:09:59.794 INFO [main] org.apache.catalina.startup.HostConfig.deployDirectory Deploying web application directory [/root/tomcat/webapps/examples]
14-Jun-2023 14:10:00.508 INFO [main] org.apache.catalina.startup.HostConfig.deployDirectory Deployment of web application directory [/root/tomcat/webapps/examples] has finished in [714] ms
14-Jun-2023 14:10:00.511 INFO [main] org.apache.catalina.startup.HostConfig.deployDirectory Deploying web application directory [/root/tomcat/webapps/host-manager]
14-Jun-2023 14:10:00.575 INFO [main] org.apache.catalina.startup.HostConfig.deployDirectory Deployment of web application directory [/root/tomcat/webapps/host-manager] has finished in [64] ms
14-Jun-2023 14:10:00.578 INFO [main] org.apache.catalina.startup.HostConfig.deployDirectory Deploying web application directory [/root/tomcat/webapps/manager]
14-Jun-2023 14:10:00.652 INFO [main] org.apache.catalina.startup.HostConfig.deployDirectory Deployment of web application directory [/root/tomcat/webapps/manager] has finished in [74] ms
14-Jun-2023 14:10:00.669 INFO [main] org.apache.catalina.startup.Catalina.start Server startup in [1748] milliseconds
14-Jun-2023 14:12:48.197 INFO [main] org.apache.catalina.core.StandardServer.await A valid shutdown command was received via the shutdown port. Stopping the Server instance.
14-Jun-2023 14:12:48.197 INFO [main] org.apache.coyote.AbstractProtocol.pause Pausing ProtocolHandler ["http-nio-8080"]
14-Jun-2023 14:12:48.198 INFO [main] org.apache.catalina.core.StandardService.stopInternal Stopping service [Catalina]
14-Jun-2023 14:12:48.268 INFO [main] org.apache.coyote.AbstractProtocol.stop Stopping ProtocolHandler ["http-nio-8080"]
14-Jun-2023 14:12:48.272 INFO [main] org.apache.coyote.AbstractProtocol.destroy Destroying ProtocolHandler ["http-nio-8080"]
14-Jun-2023 14:12:56.951 INFO [main] org.apache.catalina.startup.VersionLoggerListener.log Server version name:   Apache Tomcat/9.0.76
14-Jun-2023 14:12:56.957 INFO [main] org.apache.catalina.startup.VersionLoggerListener.log Server built:          Jun 5 2023 07:17:04 UTC
14-Jun-2023 14:12:56.957 INFO [main] org.apache.catalina.startup.VersionLoggerListener.log Server version number: 9.0.76.0
14-Jun-2023 14:12:56.962 INFO [main] org.apache.catalina.startup.VersionLoggerListener.log OS Name:               Linux
14-Jun-2023 14:12:56.963 INFO [main] org.apache.catalina.startup.VersionLoggerListener.log OS Version:            5.10.179-168.710.amzn2.x86_64
14-Jun-2023 14:12:56.963 INFO [main] org.apache.catalina.startup.VersionLoggerListener.log Architecture:          amd64
14-Jun-2023 14:12:56.964 INFO [main] org.apache.catalina.startup.VersionLoggerListener.log Java Home:             /usr/lib/jvm/java-11-openjdk-11.0.19.0.7-1.amzn2.0.1.x86_64
14-Jun-2023 14:12:56.964 INFO [main] org.apache.catalina.startup.VersionLoggerListener.log JVM Version:           11.0.19+7-LTS
14-Jun-2023 14:12:56.965 INFO [main] org.apache.catalina.startup.VersionLoggerListener.log JVM Vendor:            Red Hat, Inc.
14-Jun-2023 14:12:56.965 INFO [main] org.apache.catalina.startup.VersionLoggerListener.log CATALINA_BASE:         /root/tomcat
14-Jun-2023 14:12:56.965 INFO [main] org.apache.catalina.startup.VersionLoggerListener.log CATALINA_HOME:         /root/tomcat
14-Jun-2023 14:12:56.996 INFO [main] org.apache.catalina.startup.VersionLoggerListener.log Command line argument: --add-opens=java.base/java.lang=ALL-UNNAMED
14-Jun-2023 14:12:56.996 INFO [main] org.apache.catalina.startup.VersionLoggerListener.log Command line argument: --add-opens=java.base/java.io=ALL-UNNAMED
14-Jun-2023 14:12:56.996 INFO [main] org.apache.catalina.startup.VersionLoggerListener.log Command line argument: --add-opens=java.base/java.util=ALL-UNNAMED
14-Jun-2023 14:12:56.996 INFO [main] org.apache.catalina.startup.VersionLoggerListener.log Command line argument: --add-opens=java.base/java.util.concurrent=ALL-UNNAMED
14-Jun-2023 14:12:56.996 INFO [main] org.apache.catalina.startup.VersionLoggerListener.log Command line argument: --add-opens=java.rmi/sun.rmi.transport=ALL-UNNAMED
14-Jun-2023 14:12:56.997 INFO [main] org.apache.catalina.startup.VersionLoggerListener.log Command line argument: -Djava.util.logging.config.file=/root/tomcat/conf/logging.properties
14-Jun-2023 14:12:56.997 INFO [main] org.apache.catalina.startup.VersionLoggerListener.log Command line argument: -Djava.util.logging.manager=org.apache.juli.ClassLoaderLogManager
14-Jun-2023 14:12:56.997 INFO [main] org.apache.catalina.startup.VersionLoggerListener.log Command line argument: -Djdk.tls.ephemeralDHKeySize=2048
14-Jun-2023 14:12:56.997 INFO [main] org.apache.catalina.startup.VersionLoggerListener.log Command line argument: -Djava.protocol.handler.pkgs=org.apache.catalina.webresources
14-Jun-2023 14:12:56.997 INFO [main] org.apache.catalina.startup.VersionLoggerListener.log Command line argument: -Dorg.apache.catalina.security.SecurityListener.UMASK=0027
14-Jun-2023 14:12:56.997 INFO [main] org.apache.catalina.startup.VersionLoggerListener.log Command line argument: -Dignore.endorsed.dirs=
14-Jun-2023 14:12:56.997 INFO [main] org.apache.catalina.startup.VersionLoggerListener.log Command line argument: -Dcatalina.base=/root/tomcat
14-Jun-2023 14:12:56.997 INFO [main] org.apache.catalina.startup.VersionLoggerListener.log Command line argument: -Dcatalina.home=/root/tomcat
14-Jun-2023 14:12:56.998 INFO [main] org.apache.catalina.startup.VersionLoggerListener.log Command line argument: -Djava.io.tmpdir=/root/tomcat/temp
14-Jun-2023 14:12:56.999 INFO [main] org.apache.catalina.core.AprLifecycleListener.lifecycleEvent The Apache Tomcat Native library which allows using OpenSSL was not found on the java.library.path: [/usr/java/packages/lib:/usr/lib64:/lib64:/lib:/usr/lib]
14-Jun-2023 14:12:57.868 INFO [main] org.apache.coyote.AbstractProtocol.init Initializing ProtocolHandler ["http-nio-9090"]
14-Jun-2023 14:12:57.934 INFO [main] org.apache.catalina.startup.Catalina.load Server initialization in [1452] milliseconds
14-Jun-2023 14:12:58.092 INFO [main] org.apache.catalina.core.StandardService.startInternal Starting service [Catalina]
14-Jun-2023 14:12:58.092 INFO [main] org.apache.catalina.core.StandardEngine.startInternal Starting Servlet engine: [Apache Tomcat/9.0.76]
14-Jun-2023 14:12:58.100 INFO [main] org.apache.catalina.startup.HostConfig.deployDirectory Deploying web application directory [/root/tomcat/webapps/ROOT]
14-Jun-2023 14:12:58.701 INFO [main] org.apache.catalina.startup.HostConfig.deployDirectory Deployment of web application directory [/root/tomcat/webapps/ROOT] has finished in [600] ms
14-Jun-2023 14:12:58.701 INFO [main] org.apache.catalina.startup.HostConfig.deployDirectory Deploying web application directory [/root/tomcat/webapps/docs]
14-Jun-2023 14:12:58.758 INFO [main] org.apache.catalina.startup.HostConfig.deployDirectory Deployment of web application directory [/root/tomcat/webapps/docs] has finished in [56] ms
14-Jun-2023 14:12:58.762 INFO [main] org.apache.catalina.startup.HostConfig.deployDirectory Deploying web application directory [/root/tomcat/webapps/examples]
14-Jun-2023 14:12:59.277 INFO [main] org.apache.catalina.startup.HostConfig.deployDirectory Deployment of web application directory [/root/tomcat/webapps/examples] has finished in [515] ms
14-Jun-2023 14:12:59.278 INFO [main] org.apache.catalina.startup.HostConfig.deployDirectory Deploying web application directory [/root/tomcat/webapps/host-manager]
14-Jun-2023 14:12:59.327 INFO [main] org.apache.catalina.startup.HostConfig.deployDirectory Deployment of web application directory [/root/tomcat/webapps/host-manager] has finished in [49] ms
14-Jun-2023 14:12:59.330 INFO [main] org.apache.catalina.startup.HostConfig.deployDirectory Deploying web application directory [/root/tomcat/webapps/manager]
14-Jun-2023 14:12:59.376 INFO [main] org.apache.catalina.startup.HostConfig.deployDirectory Deployment of web application directory [/root/tomcat/webapps/manager] has finished in [45] ms
14-Jun-2023 14:12:59.384 INFO [main] org.apache.coyote.AbstractProtocol.start Starting ProtocolHandler ["http-nio-9090"]
14-Jun-2023 14:12:59.427 INFO [main] org.apache.catalina.startup.Catalina.start Server startup in [1493] milliseconds
14-Jun-2023 14:19:19.445 INFO [Catalina-utility-2] org.apache.catalina.startup.HostConfig.undeploy Undeploying context [/manager]
14-Jun-2023 14:19:19.467 INFO [Catalina-utility-2] org.apache.catalina.startup.HostConfig.deployDirectory Deploying web application directory [/root/tomcat/webapps/manager]
14-Jun-2023 14:19:19.516 INFO [Catalina-utility-2] org.apache.catalina.startup.HostConfig.deployDirectory Deployment of web application directory [/root/tomcat/webapps/manager] has finished in [49] ms
14-Jun-2023 14:36:29.643 INFO [Catalina-utility-1] org.apache.catalina.users.MemoryUserDatabase.backgroundProcess Reloading memory user database [UserDatabase] from updated source [file:/root/tomcat/conf/tomcat-users.xml]
14-Jun-2023 14:36:46.275 INFO [main] org.apache.catalina.core.StandardServer.await A valid shutdown command was received via the shutdown port. Stopping the Server instance.
14-Jun-2023 14:36:46.275 INFO [main] org.apache.coyote.AbstractProtocol.pause Pausing ProtocolHandler ["http-nio-9090"]
14-Jun-2023 14:36:46.279 INFO [main] org.apache.catalina.core.StandardService.stopInternal Stopping service [Catalina]
14-Jun-2023 14:36:46.332 INFO [main] org.apache.coyote.AbstractProtocol.stop Stopping ProtocolHandler ["http-nio-9090"]
14-Jun-2023 14:36:46.351 INFO [main] org.apache.coyote.AbstractProtocol.destroy Destroying ProtocolHandler ["http-nio-9090"]
14-Jun-2023 14:37:14.384 INFO [main] org.apache.catalina.startup.VersionLoggerListener.log Server version name:   Apache Tomcat/9.0.76
14-Jun-2023 14:37:14.391 INFO [main] org.apache.catalina.startup.VersionLoggerListener.log Server built:          Jun 5 2023 07:17:04 UTC
14-Jun-2023 14:37:14.392 INFO [main] org.apache.catalina.startup.VersionLoggerListener.log Server version number: 9.0.76.0
14-Jun-2023 14:37:14.392 INFO [main] org.apache.catalina.startup.VersionLoggerListener.log OS Name:               Linux
14-Jun-2023 14:37:14.392 INFO [main] org.apache.catalina.startup.VersionLoggerListener.log OS Version:            5.10.179-168.710.amzn2.x86_64
14-Jun-2023 14:37:14.392 INFO [main] org.apache.catalina.startup.VersionLoggerListener.log Architecture:          amd64
14-Jun-2023 14:37:14.392 INFO [main] org.apache.catalina.startup.VersionLoggerListener.log Java Home:             /usr/lib/jvm/java-11-openjdk-11.0.19.0.7-1.amzn2.0.1.x86_64
14-Jun-2023 14:37:14.392 INFO [main] org.apache.catalina.startup.VersionLoggerListener.log JVM Version:           11.0.19+7-LTS
14-Jun-2023 14:37:14.392 INFO [main] org.apache.catalina.startup.VersionLoggerListener.log JVM Vendor:            Red Hat, Inc.
14-Jun-2023 14:37:14.392 INFO [main] org.apache.catalina.startup.VersionLoggerListener.log CATALINA_BASE:         /root/tomcat
14-Jun-2023 14:37:14.393 INFO [main] org.apache.catalina.startup.VersionLoggerListener.log CATALINA_HOME:         /root/tomcat
14-Jun-2023 14:37:14.428 INFO [main] org.apache.catalina.startup.VersionLoggerListener.log Command line argument: --add-opens=java.base/java.lang=ALL-UNNAMED
14-Jun-2023 14:37:14.429 INFO [main] org.apache.catalina.startup.VersionLoggerListener.log Command line argument: --add-opens=java.base/java.io=ALL-UNNAMED
14-Jun-2023 14:37:14.429 INFO [main] org.apache.catalina.startup.VersionLoggerListener.log Command line argument: --add-opens=java.base/java.util=ALL-UNNAMED
14-Jun-2023 14:37:14.429 INFO [main] org.apache.catalina.startup.VersionLoggerListener.log Command line argument: --add-opens=java.base/java.util.concurrent=ALL-UNNAMED
14-Jun-2023 14:37:14.429 INFO [main] org.apache.catalina.startup.VersionLoggerListener.log Command line argument: --add-opens=java.rmi/sun.rmi.transport=ALL-UNNAMED
14-Jun-2023 14:37:14.429 INFO [main] org.apache.catalina.startup.VersionLoggerListener.log Command line argument: -Djava.util.logging.config.file=/root/tomcat/conf/logging.properties
14-Jun-2023 14:37:14.429 INFO [main] org.apache.catalina.startup.VersionLoggerListener.log Command line argument: -Djava.util.logging.manager=org.apache.juli.ClassLoaderLogManager
14-Jun-2023 14:37:14.429 INFO [main] org.apache.catalina.startup.VersionLoggerListener.log Command line argument: -Djdk.tls.ephemeralDHKeySize=2048
14-Jun-2023 14:37:14.430 INFO [main] org.apache.catalina.startup.VersionLoggerListener.log Command line argument: -Djava.protocol.handler.pkgs=org.apache.catalina.webresources
14-Jun-2023 14:37:14.430 INFO [main] org.apache.catalina.startup.VersionLoggerListener.log Command line argument: -Dorg.apache.catalina.security.SecurityListener.UMASK=0027
14-Jun-2023 14:37:14.430 INFO [main] org.apache.catalina.startup.VersionLoggerListener.log Command line argument: -Dignore.endorsed.dirs=
14-Jun-2023 14:37:14.430 INFO [main] org.apache.catalina.startup.VersionLoggerListener.log Command line argument: -Dcatalina.base=/root/tomcat
14-Jun-2023 14:37:14.430 INFO [main] org.apache.catalina.startup.VersionLoggerListener.log Command line argument: -Dcatalina.home=/root/tomcat
14-Jun-2023 14:37:14.430 INFO [main] org.apache.catalina.startup.VersionLoggerListener.log Command line argument: -Djava.io.tmpdir=/root/tomcat/temp
14-Jun-2023 14:37:14.439 INFO [main] org.apache.catalina.core.AprLifecycleListener.lifecycleEvent The Apache Tomcat Native library which allows using OpenSSL was not found on the java.library.path: [/usr/java/packages/lib:/usr/lib64:/lib64:/lib:/usr/lib]
14-Jun-2023 14:37:15.309 INFO [main] org.apache.coyote.AbstractProtocol.init Initializing ProtocolHandler ["http-nio-9090"]
14-Jun-2023 14:37:15.376 INFO [main] org.apache.catalina.startup.Catalina.load Server initialization in [1465] milliseconds
14-Jun-2023 14:37:15.526 INFO [main] org.apache.catalina.core.StandardService.startInternal Starting service [Catalina]
14-Jun-2023 14:37:15.527 INFO [main] org.apache.catalina.core.StandardEngine.startInternal Starting Servlet engine: [Apache Tomcat/9.0.76]
14-Jun-2023 14:37:15.542 INFO [main] org.apache.catalina.startup.HostConfig.deployDirectory Deploying web application directory [/root/tomcat/webapps/ROOT]
14-Jun-2023 14:37:16.169 INFO [main] org.apache.catalina.startup.HostConfig.deployDirectory Deployment of web application directory [/root/tomcat/webapps/ROOT] has finished in [631] ms
14-Jun-2023 14:37:16.175 INFO [main] org.apache.catalina.startup.HostConfig.deployDirectory Deploying web application directory [/root/tomcat/webapps/docs]
14-Jun-2023 14:37:16.241 INFO [main] org.apache.catalina.startup.HostConfig.deployDirectory Deployment of web application directory [/root/tomcat/webapps/docs] has finished in [66] ms
14-Jun-2023 14:37:16.248 INFO [main] org.apache.catalina.startup.HostConfig.deployDirectory Deploying web application directory [/root/tomcat/webapps/examples]
14-Jun-2023 14:37:16.863 INFO [main] org.apache.catalina.startup.HostConfig.deployDirectory Deployment of web application directory [/root/tomcat/webapps/examples] has finished in [615] ms
14-Jun-2023 14:37:16.866 INFO [main] org.apache.catalina.startup.HostConfig.deployDirectory Deploying web application directory [/root/tomcat/webapps/host-manager]
14-Jun-2023 14:37:16.954 INFO [main] org.apache.catalina.startup.HostConfig.deployDirectory Deployment of web application directory [/root/tomcat/webapps/host-manager] has finished in [88] ms
14-Jun-2023 14:37:16.958 INFO [main] org.apache.catalina.startup.HostConfig.deployDirectory Deploying web application directory [/root/tomcat/webapps/manager]
14-Jun-2023 14:37:17.018 INFO [main] org.apache.catalina.startup.HostConfig.deployDirectory Deployment of web application directory [/root/tomcat/webapps/manager] has finished in [60] ms
14-Jun-2023 14:37:17.028 INFO [main] org.apache.coyote.AbstractProtocol.start Starting ProtocolHandler ["http-nio-9090"]
14-Jun-2023 14:37:17.079 INFO [main] org.apache.catalina.startup.Catalina.start Server startup in [1703] milliseconds
14-Jun-2023 15:17:20.823 INFO [http-nio-9090-exec-2] org.apache.catalina.startup.HostConfig.deployWAR Deploying web application archive [/root/tomcat/webapps/spring.war]
14-Jun-2023 15:17:20.921 INFO [http-nio-9090-exec-2] org.apache.catalina.startup.HostConfig.deployWAR Deployment of web application archive [/root/tomcat/webapps/spring.war] has finished in [98] ms
14-Jun-2023 15:28:16.007 INFO [http-nio-9090-exec-12] org.apache.catalina.startup.HostConfig.deployWAR Deploying web application archive [/root/tomcat/webapps/ram.war]
14-Jun-2023 15:28:16.071 INFO [http-nio-9090-exec-12] org.apache.catalina.startup.HostConfig.deployWAR Deployment of web application archive [/root/tomcat/webapps/ram.war] has finished in [64] ms
14-Jun-2023 15:48:23.903 INFO [http-nio-9090-exec-20] org.apache.catalina.startup.HostConfig.undeploy Undeploying context [/ram]
14-Jun-2023 15:48:23.911 INFO [http-nio-9090-exec-20] org.apache.catalina.startup.HostConfig.deployWAR Deploying web application archive [/root/tomcat/webapps/ram.war]
14-Jun-2023 15:48:23.956 INFO [http-nio-9090-exec-20] org.apache.catalina.startup.HostConfig.deployWAR Deployment of web application archive [/root/tomcat/webapps/ram.war] has finished in [45] ms
14-Jun-2023 15:56:25.050 INFO [http-nio-9090-exec-21] org.apache.catalina.startup.HostConfig.undeploy Undeploying context [/ram]
14-Jun-2023 15:56:25.058 INFO [http-nio-9090-exec-21] org.apache.catalina.startup.HostConfig.deployWAR Deploying web application archive [/root/tomcat/webapps/ram.war]
14-Jun-2023 15:56:25.133 INFO [http-nio-9090-exec-21] org.apache.catalina.startup.HostConfig.deployWAR Deployment of web application archive [/root/tomcat/webapps/ram.war] has finished in [74] ms
14-Jun-2023 16:04:41.466 INFO [Thread-1] org.apache.coyote.AbstractProtocol.pause Pausing ProtocolHandler ["http-nio-9090"]
14-Jun-2023 16:04:41.499 INFO [Thread-1] org.apache.catalina.core.StandardService.stopInternal Stopping service [Catalina]
14-Jun-2023 16:04:41.733 INFO [Thread-1] org.apache.coyote.AbstractProtocol.stop Stopping ProtocolHandler ["http-nio-9090"]
14-Jun-2023 16:04:41.748 INFO [Thread-1] org.apache.coyote.AbstractProtocol.destroy Destroying ProtocolHandler ["http-nio-9090"]
