19-Jun-2023 08:29:47.170 INFO [main] org.apache.catalina.startup.VersionLoggerListener.log Server version name:   Apache Tomcat/9.0.76
19-Jun-2023 08:29:47.174 INFO [main] org.apache.catalina.startup.VersionLoggerListener.log Server built:          Jun 5 2023 07:17:04 UTC
19-Jun-2023 08:29:47.174 INFO [main] org.apache.catalina.startup.VersionLoggerListener.log Server version number: 9.0.76.0
19-Jun-2023 08:29:47.174 INFO [main] org.apache.catalina.startup.VersionLoggerListener.log OS Name:               Linux
19-Jun-2023 08:29:47.174 INFO [main] org.apache.catalina.startup.VersionLoggerListener.log OS Version:            5.10.179-171.711.amzn2.x86_64
19-Jun-2023 08:29:47.175 INFO [main] org.apache.catalina.startup.VersionLoggerListener.log Architecture:          amd64
19-Jun-2023 08:29:47.175 INFO [main] org.apache.catalina.startup.VersionLoggerListener.log Java Home:             /usr/lib/jvm/java-11-openjdk-11.0.19.0.7-1.amzn2.0.1.x86_64
19-Jun-2023 08:29:47.175 INFO [main] org.apache.catalina.startup.VersionLoggerListener.log JVM Version:           11.0.19+7-LTS
19-Jun-2023 08:29:47.184 INFO [main] org.apache.catalina.startup.VersionLoggerListener.log JVM Vendor:            Red Hat, Inc.
19-Jun-2023 08:29:47.184 INFO [main] org.apache.catalina.startup.VersionLoggerListener.log CATALINA_BASE:         /root/tomcat
19-Jun-2023 08:29:47.184 INFO [main] org.apache.catalina.startup.VersionLoggerListener.log CATALINA_HOME:         /root/tomcat
19-Jun-2023 08:29:47.214 INFO [main] org.apache.catalina.startup.VersionLoggerListener.log Command line argument: --add-opens=java.base/java.lang=ALL-UNNAMED
19-Jun-2023 08:29:47.214 INFO [main] org.apache.catalina.startup.VersionLoggerListener.log Command line argument: --add-opens=java.base/java.io=ALL-UNNAMED
19-Jun-2023 08:29:47.214 INFO [main] org.apache.catalina.startup.VersionLoggerListener.log Command line argument: --add-opens=java.base/java.util=ALL-UNNAMED
19-Jun-2023 08:29:47.215 INFO [main] org.apache.catalina.startup.VersionLoggerListener.log Command line argument: --add-opens=java.base/java.util.concurrent=ALL-UNNAMED
19-Jun-2023 08:29:47.215 INFO [main] org.apache.catalina.startup.VersionLoggerListener.log Command line argument: --add-opens=java.rmi/sun.rmi.transport=ALL-UNNAMED
19-Jun-2023 08:29:47.215 INFO [main] org.apache.catalina.startup.VersionLoggerListener.log Command line argument: -Djava.util.logging.config.file=/root/tomcat/conf/logging.properties
19-Jun-2023 08:29:47.215 INFO [main] org.apache.catalina.startup.VersionLoggerListener.log Command line argument: -Djava.util.logging.manager=org.apache.juli.ClassLoaderLogManager
19-Jun-2023 08:29:47.215 INFO [main] org.apache.catalina.startup.VersionLoggerListener.log Command line argument: -Djdk.tls.ephemeralDHKeySize=2048
19-Jun-2023 08:29:47.215 INFO [main] org.apache.catalina.startup.VersionLoggerListener.log Command line argument: -Djava.protocol.handler.pkgs=org.apache.catalina.webresources
19-Jun-2023 08:29:47.215 INFO [main] org.apache.catalina.startup.VersionLoggerListener.log Command line argument: -Dorg.apache.catalina.security.SecurityListener.UMASK=0027
19-Jun-2023 08:29:47.215 INFO [main] org.apache.catalina.startup.VersionLoggerListener.log Command line argument: -Dignore.endorsed.dirs=
19-Jun-2023 08:29:47.216 INFO [main] org.apache.catalina.startup.VersionLoggerListener.log Command line argument: -Dcatalina.base=/root/tomcat
19-Jun-2023 08:29:47.216 INFO [main] org.apache.catalina.startup.VersionLoggerListener.log Command line argument: -Dcatalina.home=/root/tomcat
19-Jun-2023 08:29:47.216 INFO [main] org.apache.catalina.startup.VersionLoggerListener.log Command line argument: -Djava.io.tmpdir=/root/tomcat/temp
19-Jun-2023 08:29:47.217 INFO [main] org.apache.catalina.core.AprLifecycleListener.lifecycleEvent The Apache Tomcat Native library which allows using OpenSSL was not found on the java.library.path: [/usr/java/packages/lib:/usr/lib64:/lib64:/lib:/usr/lib]
19-Jun-2023 08:29:48.099 INFO [main] org.apache.coyote.AbstractProtocol.init Initializing ProtocolHandler ["http-nio-9090"]
19-Jun-2023 08:29:48.163 INFO [main] org.apache.catalina.startup.Catalina.load Server initialization in [1491] milliseconds
19-Jun-2023 08:29:48.317 INFO [main] org.apache.catalina.core.StandardService.startInternal Starting service [Catalina]
19-Jun-2023 08:29:48.317 INFO [main] org.apache.catalina.core.StandardEngine.startInternal Starting Servlet engine: [Apache Tomcat/9.0.76]
19-Jun-2023 08:29:48.354 INFO [main] org.apache.catalina.startup.HostConfig.deployWAR Deploying web application archive [/root/tomcat/webapps/spring.war]
19-Jun-2023 08:29:48.979 INFO [main] org.apache.catalina.startup.HostConfig.deployWAR Deployment of web application archive [/root/tomcat/webapps/spring.war] has finished in [624] ms
19-Jun-2023 08:29:48.980 INFO [main] org.apache.catalina.startup.HostConfig.deployWAR Deploying web application archive [/root/tomcat/webapps/ram.war]
19-Jun-2023 08:29:49.078 INFO [main] org.apache.catalina.startup.HostConfig.deployWAR Deployment of web application archive [/root/tomcat/webapps/ram.war] has finished in [98] ms
19-Jun-2023 08:29:49.080 INFO [main] org.apache.catalina.startup.HostConfig.deployDirectory Deploying web application directory [/root/tomcat/webapps/ROOT]
19-Jun-2023 08:29:49.135 INFO [main] org.apache.catalina.startup.HostConfig.deployDirectory Deployment of web application directory [/root/tomcat/webapps/ROOT] has finished in [53] ms
19-Jun-2023 08:29:49.135 INFO [main] org.apache.catalina.startup.HostConfig.deployDirectory Deploying web application directory [/root/tomcat/webapps/docs]
19-Jun-2023 08:29:49.201 INFO [main] org.apache.catalina.startup.HostConfig.deployDirectory Deployment of web application directory [/root/tomcat/webapps/docs] has finished in [66] ms
19-Jun-2023 08:29:49.203 INFO [main] org.apache.catalina.startup.HostConfig.deployDirectory Deploying web application directory [/root/tomcat/webapps/examples]
19-Jun-2023 08:29:49.871 INFO [main] org.apache.catalina.startup.HostConfig.deployDirectory Deployment of web application directory [/root/tomcat/webapps/examples] has finished in [668] ms
19-Jun-2023 08:29:49.875 INFO [main] org.apache.catalina.startup.HostConfig.deployDirectory Deploying web application directory [/root/tomcat/webapps/host-manager]
19-Jun-2023 08:29:49.951 INFO [main] org.apache.catalina.startup.HostConfig.deployDirectory Deployment of web application directory [/root/tomcat/webapps/host-manager] has finished in [75] ms
19-Jun-2023 08:29:49.952 INFO [main] org.apache.catalina.startup.HostConfig.deployDirectory Deploying web application directory [/root/tomcat/webapps/manager]
19-Jun-2023 08:29:50.025 INFO [main] org.apache.catalina.startup.HostConfig.deployDirectory Deployment of web application directory [/root/tomcat/webapps/manager] has finished in [73] ms
19-Jun-2023 08:29:50.034 INFO [main] org.apache.coyote.AbstractProtocol.start Starting ProtocolHandler ["http-nio-9090"]
19-Jun-2023 08:29:50.095 INFO [main] org.apache.catalina.startup.Catalina.start Server startup in [1932] milliseconds
19-Jun-2023 11:27:13.140 INFO [Thread-1] org.apache.coyote.AbstractProtocol.pause Pausing ProtocolHandler ["http-nio-9090"]
19-Jun-2023 11:27:13.158 INFO [Thread-1] org.apache.catalina.core.StandardService.stopInternal Stopping service [Catalina]
19-Jun-2023 11:27:13.361 INFO [Thread-1] org.apache.coyote.AbstractProtocol.stop Stopping ProtocolHandler ["http-nio-9090"]
19-Jun-2023 11:27:13.382 INFO [Thread-1] org.apache.coyote.AbstractProtocol.destroy Destroying ProtocolHandler ["http-nio-9090"]
