14-Jun-2023 14:37:43.363 INFO [http-nio-9090-exec-2] org.apache.catalina.core.ApplicationContext.log HTMLManager: init: Associated with Deployer 'Catalina:type=Deployer,host=localhost'
14-Jun-2023 14:37:43.364 INFO [http-nio-9090-exec-2] org.apache.catalina.core.ApplicationContext.log HTMLManager: init: Global resources are available
14-Jun-2023 14:37:43.370 INFO [http-nio-9090-exec-2] org.apache.catalina.core.ApplicationContext.log HTMLManager: list: Listing contexts for virtual host 'localhost'
14-Jun-2023 14:39:12.603 INFO [http-nio-9090-exec-5] org.apache.catalina.core.ApplicationContext.log HTMLManager: list: Listing contexts for virtual host 'localhost'
14-Jun-2023 15:13:57.830 INFO [http-nio-9090-exec-8] org.apache.catalina.core.ApplicationContext.log HTMLManager: list: Listing contexts for virtual host 'localhost'
14-Jun-2023 15:17:20.809 INFO [http-nio-9090-exec-1] org.apache.catalina.core.ApplicationContext.log Manager: init: Associated with Deployer 'Catalina:type=Deployer,host=localhost'
14-Jun-2023 15:17:20.809 INFO [http-nio-9090-exec-1] org.apache.catalina.core.ApplicationContext.log Manager: init: Global resources are available
14-Jun-2023 15:17:20.811 INFO [http-nio-9090-exec-1] org.apache.catalina.core.ApplicationContext.log Manager: list: Listing contexts for virtual host 'localhost'
14-Jun-2023 15:17:20.817 INFO [http-nio-9090-exec-2] org.apache.catalina.core.ApplicationContext.log Manager: deploy: Deploying web application '/spring'
14-Jun-2023 15:17:20.820 INFO [http-nio-9090-exec-2] org.apache.catalina.core.ApplicationContext.log Manager: Uploading WAR file to /root/tomcat/webapps/spring.war
14-Jun-2023 15:17:45.467 INFO [http-nio-9090-exec-6] org.apache.catalina.core.ApplicationContext.log HTMLManager: list: Listing contexts for virtual host 'localhost'
14-Jun-2023 15:19:32.529 INFO [http-nio-9090-exec-8] org.apache.catalina.core.ApplicationContext.log HTMLManager: stop: Stopping web application '/spring'
14-Jun-2023 15:19:32.564 INFO [http-nio-9090-exec-8] org.apache.catalina.core.ApplicationContext.log HTMLManager: list: Listing contexts for virtual host 'localhost'
14-Jun-2023 15:19:44.515 INFO [http-nio-9090-exec-10] org.apache.catalina.core.ApplicationContext.log HTMLManager: start: Starting web application '/spring'
14-Jun-2023 15:19:44.562 INFO [http-nio-9090-exec-10] org.apache.catalina.core.ApplicationContext.log HTMLManager: list: Listing contexts for virtual host 'localhost'
14-Jun-2023 15:28:15.987 INFO [http-nio-9090-exec-11] org.apache.catalina.core.ApplicationContext.log Manager: list: Listing contexts for virtual host 'localhost'
14-Jun-2023 15:28:16.004 INFO [http-nio-9090-exec-12] org.apache.catalina.core.ApplicationContext.log Manager: deploy: Deploying web application '/ram'
14-Jun-2023 15:28:16.004 INFO [http-nio-9090-exec-12] org.apache.catalina.core.ApplicationContext.log Manager: Uploading WAR file to /root/tomcat/webapps/ram.war
14-Jun-2023 15:28:31.136 INFO [http-nio-9090-exec-13] org.apache.catalina.core.ApplicationContext.log HTMLManager: list: Listing contexts for virtual host 'localhost'
14-Jun-2023 15:48:23.365 INFO [http-nio-9090-exec-18] org.apache.catalina.core.ApplicationContext.log Manager: list: Listing contexts for virtual host 'localhost'
14-Jun-2023 15:48:23.370 INFO [http-nio-9090-exec-19] org.apache.catalina.core.ApplicationContext.log Manager: list: Listing contexts for virtual host 'localhost'
14-Jun-2023 15:48:23.373 INFO [http-nio-9090-exec-20] org.apache.catalina.core.ApplicationContext.log Manager: undeploy: Undeploying web application at '/ram'
14-Jun-2023 15:48:23.910 INFO [http-nio-9090-exec-20] org.apache.catalina.core.ApplicationContext.log Manager: deploy: Deploying web application '/ram'
14-Jun-2023 15:48:23.910 INFO [http-nio-9090-exec-20] org.apache.catalina.core.ApplicationContext.log Manager: Uploading WAR file to /root/tomcat/webapps/ram.war
14-Jun-2023 15:48:44.345 INFO [http-nio-9090-exec-16] org.apache.catalina.core.ApplicationContext.log HTMLManager: list: Listing contexts for virtual host 'localhost'
14-Jun-2023 15:55:46.839 INFO [http-nio-9090-exec-24] org.apache.catalina.core.ApplicationContext.log HTMLManager: list: Listing contexts for virtual host 'localhost'
14-Jun-2023 15:56:24.521 INFO [http-nio-9090-exec-29] org.apache.catalina.core.ApplicationContext.log Manager: list: Listing contexts for virtual host 'localhost'
14-Jun-2023 15:56:24.529 INFO [http-nio-9090-exec-30] org.apache.catalina.core.ApplicationContext.log Manager: list: Listing contexts for virtual host 'localhost'
14-Jun-2023 15:56:24.531 INFO [http-nio-9090-exec-21] org.apache.catalina.core.ApplicationContext.log Manager: undeploy: Undeploying web application at '/ram'
14-Jun-2023 15:56:25.057 INFO [http-nio-9090-exec-21] org.apache.catalina.core.ApplicationContext.log Manager: deploy: Deploying web application '/ram'
14-Jun-2023 15:56:25.057 INFO [http-nio-9090-exec-21] org.apache.catalina.core.ApplicationContext.log Manager: Uploading WAR file to /root/tomcat/webapps/ram.war
